[2025-06-30 16:00:07,634][INFO] Running PROJECT: CRC-DX, P LEARNING RATE: 0.001, E LEARNING RATE: 0.001, OPTIMIZER: ADAMW, NUM EPOCHS: 15, BATCH SIZE: 2048, DEVICES: cuda, SMOOTHING: 0.05
[2025-06-30 16:00:07,634][INFO] params["in_chans"]=[200, 8]
[2025-06-30 16:00:07,634][INFO] params["dims"]=[512, 200]
[2025-06-30 16:00:07,634][INFO] params["out_chans"]=[16, 8]
[2025-06-30 16:00:07,634][INFO] params["heads"]=[8, 4]
[2025-06-30 16:00:07,634][INFO] params["dropout"]=[0.8, 0.4, 0.4]
[2025-06-30 16:00:07,635][INFO] params["inputs"]=[2000, 512, 128, 32, 128, 1024]
[2025-06-30 16:00:07,635][INFO] params["outputs"]=[512, 128, 32, 128, 1024, 2000]
[2025-06-30 16:01:43,405][INFO] Epoch[1/15], loss:5.4125, CE loss:0.7218, SIM loss:0.0000, REC loss: 4.0971, PCON loss: 0.0000, ECON loss: 0.5935
[2025-06-30 16:01:43,406][INFO] Epoch[1/15], train B-acc: 0.5000(0.5000-0.5000), test B-acc: 0.5000(0.5000-0.5000)
[2025-06-30 16:01:43,406][INFO] Epoch[1/15], train weighted-f1: 0.0360(0.0198-0.0606), test weighted-f1: 0.1073(0.0494-0.1815)
[2025-06-30 16:01:43,407][INFO] Epoch[1/15], train AUC: 0.7800(0.6856-0.8610), test AUC: 0.7646(0.6458-0.8710)
[2025-06-30 16:03:22,817][INFO] Epoch[2/15], loss:3.8219, CE loss:0.6986, SIM loss:0.0000, REC loss: 2.8000, PCON loss: 0.0000, ECON loss: 0.3233
[2025-06-30 16:03:22,818][INFO] Epoch[2/15], train B-acc: 0.5000(0.5000-0.5000), test B-acc: 0.5000(0.5000-0.5000)
[2025-06-30 16:03:22,819][INFO] Epoch[2/15], train weighted-f1: 0.0378(0.0213-0.0629), test weighted-f1: 0.1073(0.0549-0.1815)
[2025-06-30 16:03:22,819][INFO] Epoch[2/15], train AUC: 0.8169(0.7260-0.8970), test AUC: 0.7583(0.6233-0.8657)
[2025-06-30 16:05:02,702][INFO] Epoch[3/15], loss:1.8372, CE loss:0.6703, SIM loss:0.0000, REC loss: 0.8883, PCON loss: 0.0000, ECON loss: 0.2786
[2025-06-30 16:05:02,703][INFO] Epoch[3/15], train B-acc: 0.5023(0.5000-0.5070), test B-acc: 0.5000(0.5000-0.5000)
[2025-06-30 16:05:02,704][INFO] Epoch[3/15], train weighted-f1: 0.0457(0.0242-0.0753), test weighted-f1: 0.1073(0.0549-0.1815)
[2025-06-30 16:05:02,704][INFO] Epoch[3/15], train AUC: 0.8540(0.7713-0.9160), test AUC: 0.7955(0.6760-0.8920)
[2025-06-30 16:06:42,059][INFO] Epoch[4/15], loss:1.3242, CE loss:0.6378, SIM loss:0.0000, REC loss: 0.4631, PCON loss: 0.0000, ECON loss: 0.2233
[2025-06-30 16:06:42,061][INFO] Epoch[4/15], train B-acc: 0.5999(0.5548-0.6345), test B-acc: 0.5988(0.5592-0.6507)
[2025-06-30 16:06:42,061][INFO] Epoch[4/15], train weighted-f1: 0.3562(0.2906-0.4207), test weighted-f1: 0.3710(0.2667-0.4770)
[2025-06-30 16:06:42,062][INFO] Epoch[4/15], train AUC: 0.8919(0.8174-0.9457), test AUC: 0.8159(0.7045-0.9096)
[2025-06-30 16:08:20,433][INFO] Epoch[5/15], loss:1.1457, CE loss:0.5998, SIM loss:0.0000, REC loss: 0.3733, PCON loss: 0.0000, ECON loss: 0.1726
[2025-06-30 16:08:20,433][INFO] Epoch[5/15], train B-acc: 0.7789(0.7340-0.8190), test B-acc: 0.7420(0.6445-0.8274)
[2025-06-30 16:08:20,433][INFO] Epoch[5/15], train weighted-f1: 0.6919(0.6382-0.7427), test weighted-f1: 0.7274(0.6453-0.8040)
[2025-06-30 16:08:20,433][INFO] Epoch[5/15], train AUC: 0.9169(0.8541-0.9632), test AUC: 0.8446(0.7495-0.9203)
[2025-06-30 16:09:47,193][INFO] Epoch[6/15], loss:1.0272, CE loss:0.5532, SIM loss:0.0000, REC loss: 0.3395, PCON loss: 0.0000, ECON loss: 0.1345
[2025-06-30 16:09:47,193][INFO] Epoch[6/15], train B-acc: 0.8978(0.8538-0.9296), test B-acc: 0.8039(0.7133-0.8867)
[2025-06-30 16:09:47,193][INFO] Epoch[6/15], train weighted-f1: 0.8612(0.8206-0.8970), test weighted-f1: 0.8251(0.7515-0.8877)
[2025-06-30 16:09:47,194][INFO] Epoch[6/15], train AUC: 0.9523(0.8907-0.9837), test AUC: 0.8652(0.7664-0.9314)
[2025-06-30 16:11:07,399][INFO] Epoch[7/15], loss:0.9325, CE loss:0.5026, SIM loss:0.0000, REC loss: 0.3240, PCON loss: 0.0000, ECON loss: 0.1058
[2025-06-30 16:11:07,399][INFO] Epoch[7/15], train B-acc: 0.8581(0.8166-0.8922), test B-acc: 0.7755(0.6816-0.8559)
[2025-06-30 16:11:07,399][INFO] Epoch[7/15], train weighted-f1: 0.8070(0.7630-0.8461), test weighted-f1: 0.7585(0.6756-0.8320)
[2025-06-30 16:11:07,399][INFO] Epoch[7/15], train AUC: 0.9732(0.9318-0.9953), test AUC: 0.8854(0.8004-0.9490)
[2025-06-30 16:12:29,164][INFO] Epoch[8/15], loss:0.8464, CE loss:0.4529, SIM loss:0.0000, REC loss: 0.3102, PCON loss: 0.0000, ECON loss: 0.0834
[2025-06-30 16:12:29,164][INFO] Epoch[8/15], train B-acc: 0.9476(0.9097-0.9731), test B-acc: 0.7824(0.6850-0.8733)
[2025-06-30 16:12:29,164][INFO] Epoch[8/15], train weighted-f1: 0.9319(0.9030-0.9598), test weighted-f1: 0.8292(0.7596-0.8981)
[2025-06-30 16:12:29,164][INFO] Epoch[8/15], train AUC: 0.9869(0.9697-0.9980), test AUC: 0.8979(0.8315-0.9512)
[2025-06-30 16:13:59,047][INFO] Epoch[9/15], loss:0.7744, CE loss:0.4079, SIM loss:0.0000, REC loss: 0.2992, PCON loss: 0.0000, ECON loss: 0.0673
[2025-06-30 16:13:59,048][INFO] Epoch[9/15], train B-acc: 0.9580(0.9369-0.9750), test B-acc: 0.8483(0.7626-0.9200)
[2025-06-30 16:13:59,048][INFO] Epoch[9/15], train weighted-f1: 0.9341(0.9041-0.9595), test weighted-f1: 0.8552(0.7859-0.9129)
[2025-06-30 16:13:59,048][INFO] Epoch[9/15], train AUC: 0.9951(0.9870-0.9997), test AUC: 0.9069(0.8336-0.9605)
[2025-06-30 16:15:21,730][INFO] Epoch[10/15], loss:0.7176, CE loss:0.3702, SIM loss:0.0000, REC loss: 0.2917, PCON loss: 0.0000, ECON loss: 0.0558
[2025-06-30 16:15:21,730][INFO] Epoch[10/15], train B-acc: 0.9779(0.9628-0.9887), test B-acc: 0.8500(0.7623-0.9249)
[2025-06-30 16:15:21,730][INFO] Epoch[10/15], train weighted-f1: 0.9634(0.9412-0.9811), test weighted-f1: 0.8558(0.7867-0.9211)
[2025-06-30 16:15:21,730][INFO] Epoch[10/15], train AUC: 0.9990(0.9962-1.0000), test AUC: 0.9193(0.8505-0.9692)
[2025-06-30 16:16:43,531][INFO] Epoch[11/15], loss:0.6760, CE loss:0.3444, SIM loss:0.0000, REC loss: 0.2836, PCON loss: 0.0000, ECON loss: 0.0480
[2025-06-30 16:16:43,531][INFO] Epoch[11/15], train B-acc: 0.9775(0.9631-0.9909), test B-acc: 0.8520(0.7628-0.9200)
[2025-06-30 16:16:43,531][INFO] Epoch[11/15], train weighted-f1: 0.9632(0.9419-0.9848), test weighted-f1: 0.8572(0.7853-0.9208)
[2025-06-30 16:16:43,531][INFO] Epoch[11/15], train AUC: 0.9994(0.9974-1.0000), test AUC: 0.9167(0.8469-0.9648)
[2025-06-30 16:18:02,946][INFO] Epoch[12/15], loss:0.6409, CE loss:0.3241, SIM loss:0.0000, REC loss: 0.2743, PCON loss: 0.0000, ECON loss: 0.0425
[2025-06-30 16:18:02,946][INFO] Epoch[12/15], train B-acc: 0.9753(0.9591-0.9886), test B-acc: 0.8569(0.7686-0.9295)
[2025-06-30 16:18:02,946][INFO] Epoch[12/15], train weighted-f1: 0.9597(0.9354-0.9811), test weighted-f1: 0.8646(0.7987-0.9226)
[2025-06-30 16:18:02,947][INFO] Epoch[12/15], train AUC: 1.0000(0.9993-1.0000), test AUC: 0.9168(0.8524-0.9663)
[2025-06-30 16:19:23,523][INFO] Epoch[13/15], loss:0.6144, CE loss:0.3117, SIM loss:0.0000, REC loss: 0.2666, PCON loss: 0.0000, ECON loss: 0.0361
[2025-06-30 16:19:23,523][INFO] Epoch[13/15], train B-acc: 0.9865(0.9749-0.9955), test B-acc: 0.8548(0.7656-0.9286)
[2025-06-30 16:19:23,523][INFO] Epoch[13/15], train weighted-f1: 0.9775(0.9594-0.9923), test weighted-f1: 0.8593(0.7926-0.9210)
[2025-06-30 16:19:23,523][INFO] Epoch[13/15], train AUC: 1.0000(0.9993-1.0000), test AUC: 0.9136(0.8409-0.9677)
